GET / Sun Aug 07 2022 13:37:56 GMT-0400 (Eastern Daylight Time)
GET /static/js/main.2508a3da.js Sun Aug 07 2022 13:37:57 GMT-0400 (Eastern Daylight Time)
GET /static/css/main.8d93c472.css Sun Aug 07 2022 13:37:57 GMT-0400 (Eastern Daylight Time)
GET /static/media/slide1.c5fdad4c9883dcd0c577.jpeg Sun Aug 07 2022 13:37:57 GMT-0400 (Eastern Daylight Time)
GET /static/media/slide2.ab433fede6f49ef363e0.jpeg Sun Aug 07 2022 13:37:57 GMT-0400 (Eastern Daylight Time)
GET /manifest.json Sun Aug 07 2022 13:37:57 GMT-0400 (Eastern Daylight Time)
GET /favicon.ico Sun Aug 07 2022 13:37:57 GMT-0400 (Eastern Daylight Time)
GET /logo192.png Sun Aug 07 2022 13:37:57 GMT-0400 (Eastern Daylight Time)
GET /shop Sun Aug 07 2022 13:38:00 GMT-0400 (Eastern Daylight Time)
GET /static/js/main.2508a3da.js Sun Aug 07 2022 13:38:00 GMT-0400 (Eastern Daylight Time)
GET /static/css/main.8d93c472.css Sun Aug 07 2022 13:38:00 GMT-0400 (Eastern Daylight Time)
GET /ecommerce/photos/orange.jpeg Sun Aug 07 2022 13:38:00 GMT-0400 (Eastern Daylight Time)
GET /ecommerce/photos/silverring.webp Sun Aug 07 2022 13:38:00 GMT-0400 (Eastern Daylight Time)
GET /ecommerce/photos/goldennecklace.webp Sun Aug 07 2022 13:38:00 GMT-0400 (Eastern Daylight Time)
GET /ecommerce/photos/bwps.jpeg Sun Aug 07 2022 13:38:00 GMT-0400 (Eastern Daylight Time)
GET /ecommerce/photos/bluegrey.jpeg Sun Aug 07 2022 13:38:00 GMT-0400 (Eastern Daylight Time)
GET /ecommerce/photos/whitegold.jpeg Sun Aug 07 2022 13:38:00 GMT-0400 (Eastern Daylight Time)
GET /ecommerce/photos/darkbluem.jpeg Sun Aug 07 2022 13:38:00 GMT-0400 (Eastern Daylight Time)
GET /ecommerce/photos/bluemaze2.jpeg Sun Aug 07 2022 13:38:00 GMT-0400 (Eastern Daylight Time)
GET /ecommerce/photos/greyswirls.jpeg Sun Aug 07 2022 13:38:00 GMT-0400 (Eastern Daylight Time)
GET /ecommerce/photos/bloodred.jpeg Sun Aug 07 2022 13:38:00 GMT-0400 (Eastern Daylight Time)
GET /ecommerce/photos/yellowcircles.jpeg Sun Aug 07 2022 13:38:00 GMT-0400 (Eastern Daylight Time)
GET /ecommerce/photos/chain.webp Sun Aug 07 2022 13:38:00 GMT-0400 (Eastern Daylight Time)
GET /manifest.json Sun Aug 07 2022 13:38:00 GMT-0400 (Eastern Daylight Time)
GET /logo192.png Sun Aug 07 2022 13:38:00 GMT-0400 (Eastern Daylight Time)
GET / Sun Aug 07 2022 13:38:03 GMT-0400 (Eastern Daylight Time)
GET /static/js/main.2508a3da.js Sun Aug 07 2022 13:38:03 GMT-0400 (Eastern Daylight Time)
GET /static/css/main.8d93c472.css Sun Aug 07 2022 13:38:03 GMT-0400 (Eastern Daylight Time)
GET /static/media/slide1.c5fdad4c9883dcd0c577.jpeg Sun Aug 07 2022 13:38:03 GMT-0400 (Eastern Daylight Time)
GET /static/media/slide2.ab433fede6f49ef363e0.jpeg Sun Aug 07 2022 13:38:03 GMT-0400 (Eastern Daylight Time)
GET /manifest.json Sun Aug 07 2022 13:38:03 GMT-0400 (Eastern Daylight Time)
GET /logo192.png Sun Aug 07 2022 13:38:03 GMT-0400 (Eastern Daylight Time)
GET /getshop Sun Aug 07 2022 13:39:19 GMT-0400 (Eastern Daylight Time)
GET / Sun Aug 07 2022 13:50:52 GMT-0400 (Eastern Daylight Time)
GET /static/css/main.8d93c472.css Sun Aug 07 2022 13:50:52 GMT-0400 (Eastern Daylight Time)
GET /static/js/main.2508a3da.js Sun Aug 07 2022 13:50:52 GMT-0400 (Eastern Daylight Time)
GET /static/media/slide1.c5fdad4c9883dcd0c577.jpeg Sun Aug 07 2022 13:50:52 GMT-0400 (Eastern Daylight Time)
GET /static/media/slide2.ab433fede6f49ef363e0.jpeg Sun Aug 07 2022 13:50:52 GMT-0400 (Eastern Daylight Time)
GET /manifest.json Sun Aug 07 2022 13:50:52 GMT-0400 (Eastern Daylight Time)
GET /logo192.png Sun Aug 07 2022 13:50:52 GMT-0400 (Eastern Daylight Time)
GET /shop Sun Aug 07 2022 13:50:56 GMT-0400 (Eastern Daylight Time)
GET /static/js/main.2508a3da.js Sun Aug 07 2022 13:50:56 GMT-0400 (Eastern Daylight Time)
GET /static/css/main.8d93c472.css Sun Aug 07 2022 13:50:56 GMT-0400 (Eastern Daylight Time)
GET /ecommerce/photos/orange.jpeg Sun Aug 07 2022 13:50:56 GMT-0400 (Eastern Daylight Time)
GET /ecommerce/photos/silverring.webp Sun Aug 07 2022 13:50:56 GMT-0400 (Eastern Daylight Time)
GET /ecommerce/photos/goldennecklace.webp Sun Aug 07 2022 13:50:56 GMT-0400 (Eastern Daylight Time)
GET /ecommerce/photos/bwps.jpeg Sun Aug 07 2022 13:50:56 GMT-0400 (Eastern Daylight Time)
GET /ecommerce/photos/bluegrey.jpeg Sun Aug 07 2022 13:50:56 GMT-0400 (Eastern Daylight Time)
GET /ecommerce/photos/bluemaze2.jpeg Sun Aug 07 2022 13:50:56 GMT-0400 (Eastern Daylight Time)
GET /ecommerce/photos/whitegold.jpeg Sun Aug 07 2022 13:50:56 GMT-0400 (Eastern Daylight Time)
GET /ecommerce/photos/darkbluem.jpeg Sun Aug 07 2022 13:50:56 GMT-0400 (Eastern Daylight Time)
GET /ecommerce/photos/greyswirls.jpeg Sun Aug 07 2022 13:50:56 GMT-0400 (Eastern Daylight Time)
GET /ecommerce/photos/bloodred.jpeg Sun Aug 07 2022 13:50:56 GMT-0400 (Eastern Daylight Time)
GET /ecommerce/photos/yellowcircles.jpeg Sun Aug 07 2022 13:50:56 GMT-0400 (Eastern Daylight Time)
GET /ecommerce/photos/chain.webp Sun Aug 07 2022 13:50:56 GMT-0400 (Eastern Daylight Time)
GET /manifest.json Sun Aug 07 2022 13:50:56 GMT-0400 (Eastern Daylight Time)
GET /logo192.png Sun Aug 07 2022 13:50:56 GMT-0400 (Eastern Daylight Time)
GET /shop Sun Aug 07 2022 13:51:16 GMT-0400 (Eastern Daylight Time)
GET /static/js/main.2508a3da.js Sun Aug 07 2022 13:51:16 GMT-0400 (Eastern Daylight Time)
GET /static/css/main.8d93c472.css Sun Aug 07 2022 13:51:16 GMT-0400 (Eastern Daylight Time)
GET /ecommerce/photos/orange.jpeg Sun Aug 07 2022 13:51:16 GMT-0400 (Eastern Daylight Time)
GET /ecommerce/photos/silverring.webp Sun Aug 07 2022 13:51:16 GMT-0400 (Eastern Daylight Time)
GET /ecommerce/photos/goldennecklace.webp Sun Aug 07 2022 13:51:16 GMT-0400 (Eastern Daylight Time)
GET /ecommerce/photos/bluegrey.jpeg Sun Aug 07 2022 13:51:16 GMT-0400 (Eastern Daylight Time)
GET /ecommerce/photos/bwps.jpeg Sun Aug 07 2022 13:51:16 GMT-0400 (Eastern Daylight Time)
GET /ecommerce/photos/bluemaze2.jpeg Sun Aug 07 2022 13:51:16 GMT-0400 (Eastern Daylight Time)
GET /ecommerce/photos/whitegold.jpeg Sun Aug 07 2022 13:51:16 GMT-0400 (Eastern Daylight Time)
GET /ecommerce/photos/darkbluem.jpeg Sun Aug 07 2022 13:51:16 GMT-0400 (Eastern Daylight Time)
GET /ecommerce/photos/greyswirls.jpeg Sun Aug 07 2022 13:51:16 GMT-0400 (Eastern Daylight Time)
GET /ecommerce/photos/yellowcircles.jpeg Sun Aug 07 2022 13:51:16 GMT-0400 (Eastern Daylight Time)
GET /ecommerce/photos/chain.webp Sun Aug 07 2022 13:51:16 GMT-0400 (Eastern Daylight Time)
GET /ecommerce/photos/bloodred.jpeg Sun Aug 07 2022 13:51:16 GMT-0400 (Eastern Daylight Time)
GET /manifest.json Sun Aug 07 2022 13:51:16 GMT-0400 (Eastern Daylight Time)
GET /favicon.ico Sun Aug 07 2022 13:51:16 GMT-0400 (Eastern Daylight Time)
GET /logo192.png Sun Aug 07 2022 13:51:16 GMT-0400 (Eastern Daylight Time)
GET /shop Sun Aug 07 2022 13:52:44 GMT-0400 (Eastern Daylight Time)
GET /static/css/main.8d93c472.css Sun Aug 07 2022 13:52:44 GMT-0400 (Eastern Daylight Time)
GET /static/js/main.2508a3da.js Sun Aug 07 2022 13:52:44 GMT-0400 (Eastern Daylight Time)
GET /ecommerce/photos/orange.jpeg Sun Aug 07 2022 13:52:44 GMT-0400 (Eastern Daylight Time)
GET /ecommerce/photos/silverring.webp Sun Aug 07 2022 13:52:44 GMT-0400 (Eastern Daylight Time)
GET /ecommerce/photos/goldennecklace.webp Sun Aug 07 2022 13:52:44 GMT-0400 (Eastern Daylight Time)
GET /ecommerce/photos/bwps.jpeg Sun Aug 07 2022 13:52:44 GMT-0400 (Eastern Daylight Time)
GET /ecommerce/photos/bluegrey.jpeg Sun Aug 07 2022 13:52:44 GMT-0400 (Eastern Daylight Time)
GET /ecommerce/photos/bluemaze2.jpeg Sun Aug 07 2022 13:52:44 GMT-0400 (Eastern Daylight Time)
GET /favicon.ico Sun Aug 07 2022 13:52:44 GMT-0400 (Eastern Daylight Time)
GET /manifest.json Sun Aug 07 2022 13:52:44 GMT-0400 (Eastern Daylight Time)
GET /ecommerce/photos/whitegold.jpeg Sun Aug 07 2022 13:52:44 GMT-0400 (Eastern Daylight Time)
GET /ecommerce/photos/darkbluem.jpeg Sun Aug 07 2022 13:52:44 GMT-0400 (Eastern Daylight Time)
GET /ecommerce/photos/bloodred.jpeg Sun Aug 07 2022 13:52:44 GMT-0400 (Eastern Daylight Time)
GET /ecommerce/photos/yellowcircles.jpeg Sun Aug 07 2022 13:52:44 GMT-0400 (Eastern Daylight Time)
GET /ecommerce/photos/greyswirls.jpeg Sun Aug 07 2022 13:52:44 GMT-0400 (Eastern Daylight Time)
GET /ecommerce/photos/chain.webp Sun Aug 07 2022 13:52:44 GMT-0400 (Eastern Daylight Time)
GET /logo192.png Sun Aug 07 2022 13:52:44 GMT-0400 (Eastern Daylight Time)
GET /shop Sun Aug 07 2022 13:53:11 GMT-0400 (Eastern Daylight Time)
GET /static/js/main.2508a3da.js Sun Aug 07 2022 13:53:11 GMT-0400 (Eastern Daylight Time)
GET /static/css/main.8d93c472.css Sun Aug 07 2022 13:53:11 GMT-0400 (Eastern Daylight Time)
GET /ecommerce/photos/orange.jpeg Sun Aug 07 2022 13:53:11 GMT-0400 (Eastern Daylight Time)
GET /ecommerce/photos/silverring.webp Sun Aug 07 2022 13:53:11 GMT-0400 (Eastern Daylight Time)
GET /ecommerce/photos/goldennecklace.webp Sun Aug 07 2022 13:53:11 GMT-0400 (Eastern Daylight Time)
GET /ecommerce/photos/bwps.jpeg Sun Aug 07 2022 13:53:11 GMT-0400 (Eastern Daylight Time)
GET /ecommerce/photos/bluegrey.jpeg Sun Aug 07 2022 13:53:11 GMT-0400 (Eastern Daylight Time)
GET /ecommerce/photos/bluemaze2.jpeg Sun Aug 07 2022 13:53:11 GMT-0400 (Eastern Daylight Time)
GET /favicon.ico Sun Aug 07 2022 13:53:11 GMT-0400 (Eastern Daylight Time)
GET /ecommerce/photos/whitegold.jpeg Sun Aug 07 2022 13:53:11 GMT-0400 (Eastern Daylight Time)
GET /ecommerce/photos/darkbluem.jpeg Sun Aug 07 2022 13:53:11 GMT-0400 (Eastern Daylight Time)
GET /manifest.json Sun Aug 07 2022 13:53:11 GMT-0400 (Eastern Daylight Time)
GET /ecommerce/photos/greyswirls.jpeg Sun Aug 07 2022 13:53:11 GMT-0400 (Eastern Daylight Time)
GET /ecommerce/photos/bloodred.jpeg Sun Aug 07 2022 13:53:11 GMT-0400 (Eastern Daylight Time)
GET /ecommerce/photos/yellowcircles.jpeg Sun Aug 07 2022 13:53:11 GMT-0400 (Eastern Daylight Time)
GET /ecommerce/photos/chain.webp Sun Aug 07 2022 13:53:11 GMT-0400 (Eastern Daylight Time)
GET /logo192.png Sun Aug 07 2022 13:53:11 GMT-0400 (Eastern Daylight Time)
GET /shop Sun Aug 07 2022 13:53:12 GMT-0400 (Eastern Daylight Time)
GET /static/js/main.2508a3da.js Sun Aug 07 2022 13:53:12 GMT-0400 (Eastern Daylight Time)
GET /static/css/main.8d93c472.css Sun Aug 07 2022 13:53:12 GMT-0400 (Eastern Daylight Time)
GET /ecommerce/photos/orange.jpeg Sun Aug 07 2022 13:53:12 GMT-0400 (Eastern Daylight Time)
GET /ecommerce/photos/silverring.webp Sun Aug 07 2022 13:53:12 GMT-0400 (Eastern Daylight Time)
GET /ecommerce/photos/goldennecklace.webp Sun Aug 07 2022 13:53:12 GMT-0400 (Eastern Daylight Time)
GET /ecommerce/photos/bwps.jpeg Sun Aug 07 2022 13:53:12 GMT-0400 (Eastern Daylight Time)
GET /ecommerce/photos/bluegrey.jpeg Sun Aug 07 2022 13:53:12 GMT-0400 (Eastern Daylight Time)
GET /ecommerce/photos/bluemaze2.jpeg Sun Aug 07 2022 13:53:12 GMT-0400 (Eastern Daylight Time)
GET /ecommerce/photos/whitegold.jpeg Sun Aug 07 2022 13:53:12 GMT-0400 (Eastern Daylight Time)
GET /ecommerce/photos/darkbluem.jpeg Sun Aug 07 2022 13:53:12 GMT-0400 (Eastern Daylight Time)
GET /ecommerce/photos/greyswirls.jpeg Sun Aug 07 2022 13:53:12 GMT-0400 (Eastern Daylight Time)
GET /ecommerce/photos/bloodred.jpeg Sun Aug 07 2022 13:53:12 GMT-0400 (Eastern Daylight Time)
GET /ecommerce/photos/yellowcircles.jpeg Sun Aug 07 2022 13:53:12 GMT-0400 (Eastern Daylight Time)
GET /ecommerce/photos/chain.webp Sun Aug 07 2022 13:53:12 GMT-0400 (Eastern Daylight Time)
GET /manifest.json Sun Aug 07 2022 13:53:12 GMT-0400 (Eastern Daylight Time)
GET /favicon.ico Sun Aug 07 2022 13:53:12 GMT-0400 (Eastern Daylight Time)
GET /logo192.png Sun Aug 07 2022 13:53:12 GMT-0400 (Eastern Daylight Time)
GET /shop Sun Aug 07 2022 13:53:13 GMT-0400 (Eastern Daylight Time)
GET /static/js/main.2508a3da.js Sun Aug 07 2022 13:53:13 GMT-0400 (Eastern Daylight Time)
GET /static/css/main.8d93c472.css Sun Aug 07 2022 13:53:13 GMT-0400 (Eastern Daylight Time)
GET /ecommerce/photos/orange.jpeg Sun Aug 07 2022 13:53:13 GMT-0400 (Eastern Daylight Time)
GET /ecommerce/photos/silverring.webp Sun Aug 07 2022 13:53:13 GMT-0400 (Eastern Daylight Time)
GET /ecommerce/photos/goldennecklace.webp Sun Aug 07 2022 13:53:13 GMT-0400 (Eastern Daylight Time)
GET /ecommerce/photos/bwps.jpeg Sun Aug 07 2022 13:53:13 GMT-0400 (Eastern Daylight Time)
GET /ecommerce/photos/bluegrey.jpeg Sun Aug 07 2022 13:53:13 GMT-0400 (Eastern Daylight Time)
GET /ecommerce/photos/bluemaze2.jpeg Sun Aug 07 2022 13:53:13 GMT-0400 (Eastern Daylight Time)
GET /ecommerce/photos/whitegold.jpeg Sun Aug 07 2022 13:53:13 GMT-0400 (Eastern Daylight Time)
GET /ecommerce/photos/darkbluem.jpeg Sun Aug 07 2022 13:53:13 GMT-0400 (Eastern Daylight Time)
GET /ecommerce/photos/greyswirls.jpeg Sun Aug 07 2022 13:53:13 GMT-0400 (Eastern Daylight Time)
GET /ecommerce/photos/bloodred.jpeg Sun Aug 07 2022 13:53:13 GMT-0400 (Eastern Daylight Time)
GET /ecommerce/photos/yellowcircles.jpeg Sun Aug 07 2022 13:53:13 GMT-0400 (Eastern Daylight Time)
GET /ecommerce/photos/chain.webp Sun Aug 07 2022 13:53:13 GMT-0400 (Eastern Daylight Time)
GET /manifest.json Sun Aug 07 2022 13:53:13 GMT-0400 (Eastern Daylight Time)
GET /favicon.ico Sun Aug 07 2022 13:53:13 GMT-0400 (Eastern Daylight Time)
GET /logo192.png Sun Aug 07 2022 13:53:13 GMT-0400 (Eastern Daylight Time)
GET / Sun Aug 07 2022 13:53:14 GMT-0400 (Eastern Daylight Time)
GET /static/js/main.2508a3da.js Sun Aug 07 2022 13:53:14 GMT-0400 (Eastern Daylight Time)
GET /static/css/main.8d93c472.css Sun Aug 07 2022 13:53:14 GMT-0400 (Eastern Daylight Time)
GET /static/media/slide1.c5fdad4c9883dcd0c577.jpeg Sun Aug 07 2022 13:53:14 GMT-0400 (Eastern Daylight Time)
GET /static/media/slide2.ab433fede6f49ef363e0.jpeg Sun Aug 07 2022 13:53:14 GMT-0400 (Eastern Daylight Time)
GET /manifest.json Sun Aug 07 2022 13:53:14 GMT-0400 (Eastern Daylight Time)
GET /logo192.png Sun Aug 07 2022 13:53:14 GMT-0400 (Eastern Daylight Time)
GET /shop Sun Aug 07 2022 13:53:15 GMT-0400 (Eastern Daylight Time)
GET /static/js/main.2508a3da.js Sun Aug 07 2022 13:53:15 GMT-0400 (Eastern Daylight Time)
GET /static/css/main.8d93c472.css Sun Aug 07 2022 13:53:15 GMT-0400 (Eastern Daylight Time)
GET /ecommerce/photos/orange.jpeg Sun Aug 07 2022 13:53:15 GMT-0400 (Eastern Daylight Time)
GET /ecommerce/photos/silverring.webp Sun Aug 07 2022 13:53:15 GMT-0400 (Eastern Daylight Time)
GET /ecommerce/photos/goldennecklace.webp Sun Aug 07 2022 13:53:15 GMT-0400 (Eastern Daylight Time)
GET /ecommerce/photos/bwps.jpeg Sun Aug 07 2022 13:53:15 GMT-0400 (Eastern Daylight Time)
GET /ecommerce/photos/bluegrey.jpeg Sun Aug 07 2022 13:53:15 GMT-0400 (Eastern Daylight Time)
GET /ecommerce/photos/bluemaze2.jpeg Sun Aug 07 2022 13:53:15 GMT-0400 (Eastern Daylight Time)
GET /ecommerce/photos/whitegold.jpeg Sun Aug 07 2022 13:53:15 GMT-0400 (Eastern Daylight Time)
GET /ecommerce/photos/darkbluem.jpeg Sun Aug 07 2022 13:53:15 GMT-0400 (Eastern Daylight Time)
GET /ecommerce/photos/greyswirls.jpeg Sun Aug 07 2022 13:53:15 GMT-0400 (Eastern Daylight Time)
GET /ecommerce/photos/bloodred.jpeg Sun Aug 07 2022 13:53:15 GMT-0400 (Eastern Daylight Time)
GET /ecommerce/photos/yellowcircles.jpeg Sun Aug 07 2022 13:53:15 GMT-0400 (Eastern Daylight Time)
GET /ecommerce/photos/chain.webp Sun Aug 07 2022 13:53:15 GMT-0400 (Eastern Daylight Time)
GET /manifest.json Sun Aug 07 2022 13:53:15 GMT-0400 (Eastern Daylight Time)
GET /logo192.png Sun Aug 07 2022 13:53:15 GMT-0400 (Eastern Daylight Time)
GET /shop Sun Aug 07 2022 13:53:18 GMT-0400 (Eastern Daylight Time)
GET /static/js/main.2508a3da.js Sun Aug 07 2022 13:53:18 GMT-0400 (Eastern Daylight Time)
GET /static/css/main.8d93c472.css Sun Aug 07 2022 13:53:18 GMT-0400 (Eastern Daylight Time)
GET /ecommerce/photos/orange.jpeg Sun Aug 07 2022 13:53:18 GMT-0400 (Eastern Daylight Time)
GET /ecommerce/photos/silverring.webp Sun Aug 07 2022 13:53:18 GMT-0400 (Eastern Daylight Time)
GET /ecommerce/photos/goldennecklace.webp Sun Aug 07 2022 13:53:18 GMT-0400 (Eastern Daylight Time)
GET /ecommerce/photos/bwps.jpeg Sun Aug 07 2022 13:53:18 GMT-0400 (Eastern Daylight Time)
GET /ecommerce/photos/bluegrey.jpeg Sun Aug 07 2022 13:53:18 GMT-0400 (Eastern Daylight Time)
GET /ecommerce/photos/bluemaze2.jpeg Sun Aug 07 2022 13:53:18 GMT-0400 (Eastern Daylight Time)
GET /ecommerce/photos/whitegold.jpeg Sun Aug 07 2022 13:53:18 GMT-0400 (Eastern Daylight Time)
GET /ecommerce/photos/greyswirls.jpeg Sun Aug 07 2022 13:53:18 GMT-0400 (Eastern Daylight Time)
GET /ecommerce/photos/bloodred.jpeg Sun Aug 07 2022 13:53:18 GMT-0400 (Eastern Daylight Time)
GET /ecommerce/photos/darkbluem.jpeg Sun Aug 07 2022 13:53:18 GMT-0400 (Eastern Daylight Time)
GET /ecommerce/photos/yellowcircles.jpeg Sun Aug 07 2022 13:53:18 GMT-0400 (Eastern Daylight Time)
GET /ecommerce/photos/chain.webp Sun Aug 07 2022 13:53:18 GMT-0400 (Eastern Daylight Time)
GET /manifest.json Sun Aug 07 2022 13:53:18 GMT-0400 (Eastern Daylight Time)
GET /favicon.ico Sun Aug 07 2022 13:53:18 GMT-0400 (Eastern Daylight Time)
GET /logo192.png Sun Aug 07 2022 13:53:18 GMT-0400 (Eastern Daylight Time)
GET /shop Sun Aug 07 2022 13:53:18 GMT-0400 (Eastern Daylight Time)
GET /static/js/main.2508a3da.js Sun Aug 07 2022 13:53:18 GMT-0400 (Eastern Daylight Time)
GET /static/css/main.8d93c472.css Sun Aug 07 2022 13:53:18 GMT-0400 (Eastern Daylight Time)
GET /ecommerce/photos/orange.jpeg Sun Aug 07 2022 13:53:18 GMT-0400 (Eastern Daylight Time)
GET /ecommerce/photos/silverring.webp Sun Aug 07 2022 13:53:18 GMT-0400 (Eastern Daylight Time)
GET /ecommerce/photos/goldennecklace.webp Sun Aug 07 2022 13:53:18 GMT-0400 (Eastern Daylight Time)
GET /ecommerce/photos/bwps.jpeg Sun Aug 07 2022 13:53:18 GMT-0400 (Eastern Daylight Time)
GET /ecommerce/photos/bluegrey.jpeg Sun Aug 07 2022 13:53:18 GMT-0400 (Eastern Daylight Time)
GET /ecommerce/photos/bluemaze2.jpeg Sun Aug 07 2022 13:53:18 GMT-0400 (Eastern Daylight Time)
GET /ecommerce/photos/whitegold.jpeg Sun Aug 07 2022 13:53:18 GMT-0400 (Eastern Daylight Time)
GET /ecommerce/photos/darkbluem.jpeg Sun Aug 07 2022 13:53:18 GMT-0400 (Eastern Daylight Time)
GET /ecommerce/photos/greyswirls.jpeg Sun Aug 07 2022 13:53:18 GMT-0400 (Eastern Daylight Time)
GET /ecommerce/photos/bloodred.jpeg Sun Aug 07 2022 13:53:18 GMT-0400 (Eastern Daylight Time)
GET /ecommerce/photos/yellowcircles.jpeg Sun Aug 07 2022 13:53:18 GMT-0400 (Eastern Daylight Time)
GET /ecommerce/photos/chain.webp Sun Aug 07 2022 13:53:18 GMT-0400 (Eastern Daylight Time)
GET /manifest.json Sun Aug 07 2022 13:53:18 GMT-0400 (Eastern Daylight Time)
GET /favicon.ico Sun Aug 07 2022 13:53:18 GMT-0400 (Eastern Daylight Time)
GET /logo192.png Sun Aug 07 2022 13:53:18 GMT-0400 (Eastern Daylight Time)
GET /getshop Sun Aug 21 2022 23:04:58 GMT+0500 (Pakistan Standard Time)
GET /getshop Sun Aug 21 2022 23:05:40 GMT+0500 (Pakistan Standard Time)
GET /getshop Sun Aug 21 2022 23:09:22 GMT+0500 (Pakistan Standard Time)
GET /getshop Sun Aug 21 2022 23:11:05 GMT+0500 (Pakistan Standard Time)
GET /getshop Sun Aug 21 2022 23:24:46 GMT+0500 (Pakistan Standard Time)
GET /getshop Sun Aug 21 2022 23:24:46 GMT+0500 (Pakistan Standard Time)
GET /getshop Sun Aug 21 2022 23:25:45 GMT+0500 (Pakistan Standard Time)
GET /getshop Sun Aug 21 2022 23:25:45 GMT+0500 (Pakistan Standard Time)
GET /getshop Sun Aug 21 2022 23:25:47 GMT+0500 (Pakistan Standard Time)
GET /getshop Sun Aug 21 2022 23:25:47 GMT+0500 (Pakistan Standard Time)
GET /getshop Sun Aug 21 2022 23:26:41 GMT+0500 (Pakistan Standard Time)
GET /getshop Sun Aug 21 2022 23:26:45 GMT+0500 (Pakistan Standard Time)
GET /getshop Sun Aug 21 2022 23:26:45 GMT+0500 (Pakistan Standard Time)
GET /getshop Sun Aug 21 2022 23:27:25 GMT+0500 (Pakistan Standard Time)
GET /getshop Sun Aug 21 2022 23:27:25 GMT+0500 (Pakistan Standard Time)
GET /getshop Sun Aug 21 2022 23:28:15 GMT+0500 (Pakistan Standard Time)
GET /getshop Mon Aug 22 2022 00:59:37 GMT+0500 (Pakistan Standard Time)
GET /getshop Mon Aug 22 2022 01:02:54 GMT+0500 (Pakistan Standard Time)
GET /getshop Mon Aug 22 2022 01:02:56 GMT+0500 (Pakistan Standard Time)
GET /getshop Mon Aug 22 2022 01:02:56 GMT+0500 (Pakistan Standard Time)
GET /getshop Mon Aug 22 2022 01:03:33 GMT+0500 (Pakistan Standard Time)
GET /getshop Mon Aug 22 2022 01:04:15 GMT+0500 (Pakistan Standard Time)
GET /getshop Mon Aug 22 2022 01:04:38 GMT+0500 (Pakistan Standard Time)
GET /getshop Mon Aug 22 2022 01:05:26 GMT+0500 (Pakistan Standard Time)
GET /getshop Mon Aug 22 2022 01:05:31 GMT+0500 (Pakistan Standard Time)
GET /getshop Mon Aug 22 2022 01:05:31 GMT+0500 (Pakistan Standard Time)
GET /getshop Mon Aug 22 2022 01:09:54 GMT+0500 (Pakistan Standard Time)
GET /getshop Mon Aug 22 2022 01:12:32 GMT+0500 (Pakistan Standard Time)
GET /getshop Mon Aug 22 2022 01:12:32 GMT+0500 (Pakistan Standard Time)
GET /getshop Mon Aug 22 2022 01:12:44 GMT+0500 (Pakistan Standard Time)
GET /getshop Mon Aug 22 2022 01:12:44 GMT+0500 (Pakistan Standard Time)
GET /getshop Mon Aug 22 2022 01:15:35 GMT+0500 (Pakistan Standard Time)
GET /getshop Mon Aug 22 2022 01:16:39 GMT+0500 (Pakistan Standard Time)
GET /getshop Mon Aug 22 2022 01:16:39 GMT+0500 (Pakistan Standard Time)
GET /getshop Mon Aug 22 2022 01:17:45 GMT+0500 (Pakistan Standard Time)
GET /getshop Mon Aug 22 2022 01:17:54 GMT+0500 (Pakistan Standard Time)
GET /getshop Mon Aug 22 2022 01:18:51 GMT+0500 (Pakistan Standard Time)
GET /getshop Mon Aug 22 2022 01:18:54 GMT+0500 (Pakistan Standard Time)
GET /getshop Mon Aug 22 2022 01:18:54 GMT+0500 (Pakistan Standard Time)
GET /getshop Mon Aug 22 2022 01:19:13 GMT+0500 (Pakistan Standard Time)
GET /getshop Mon Aug 22 2022 01:19:15 GMT+0500 (Pakistan Standard Time)
GET /getshop Mon Aug 22 2022 01:19:15 GMT+0500 (Pakistan Standard Time)
GET /getshop Mon Aug 22 2022 01:21:04 GMT+0500 (Pakistan Standard Time)
GET /getshop Mon Aug 22 2022 01:21:06 GMT+0500 (Pakistan Standard Time)
GET /getshop Mon Aug 22 2022 01:21:06 GMT+0500 (Pakistan Standard Time)
GET /getshop Mon Aug 22 2022 01:22:50 GMT+0500 (Pakistan Standard Time)
GET /getshop Mon Aug 22 2022 01:22:54 GMT+0500 (Pakistan Standard Time)
GET /getshop Mon Aug 22 2022 01:22:54 GMT+0500 (Pakistan Standard Time)
GET /getshop Mon Aug 22 2022 01:31:09 GMT+0500 (Pakistan Standard Time)
GET /getshop Mon Aug 22 2022 01:36:06 GMT+0500 (Pakistan Standard Time)
GET /getshop Mon Aug 22 2022 01:36:21 GMT+0500 (Pakistan Standard Time)
GET /getshop Mon Aug 22 2022 01:36:25 GMT+0500 (Pakistan Standard Time)
GET /getshop Mon Aug 22 2022 01:36:25 GMT+0500 (Pakistan Standard Time)
GET /getshop Mon Aug 22 2022 01:36:37 GMT+0500 (Pakistan Standard Time)
GET /getshop Mon Aug 22 2022 01:55:16 GMT+0500 (Pakistan Standard Time)
GET /getshop Mon Aug 22 2022 01:55:54 GMT+0500 (Pakistan Standard Time)
GET /getshop Mon Aug 22 2022 01:55:54 GMT+0500 (Pakistan Standard Time)
GET /getshop Mon Aug 22 2022 01:56:20 GMT+0500 (Pakistan Standard Time)
GET /getshop Mon Aug 22 2022 01:56:21 GMT+0500 (Pakistan Standard Time)
GET /getshop Mon Aug 22 2022 01:57:08 GMT+0500 (Pakistan Standard Time)
GET /getshop Mon Aug 22 2022 01:57:08 GMT+0500 (Pakistan Standard Time)
GET /getshop Mon Aug 22 2022 01:57:39 GMT+0500 (Pakistan Standard Time)
GET /getshop Mon Aug 22 2022 01:57:39 GMT+0500 (Pakistan Standard Time)
GET /getshop Mon Aug 22 2022 01:58:15 GMT+0500 (Pakistan Standard Time)
GET /getshop Mon Aug 22 2022 01:58:21 GMT+0500 (Pakistan Standard Time)
GET /getshop Mon Aug 22 2022 01:58:25 GMT+0500 (Pakistan Standard Time)
GET /getshop Mon Aug 22 2022 01:58:25 GMT+0500 (Pakistan Standard Time)
GET /getshop Mon Aug 22 2022 01:58:58 GMT+0500 (Pakistan Standard Time)
GET /getshop Mon Aug 22 2022 01:59:01 GMT+0500 (Pakistan Standard Time)
GET /getshop Mon Aug 22 2022 01:59:01 GMT+0500 (Pakistan Standard Time)
GET /getshop Mon Aug 22 2022 01:59:14 GMT+0500 (Pakistan Standard Time)
GET /getshop Mon Aug 22 2022 02:02:09 GMT+0500 (Pakistan Standard Time)
GET /getshop Mon Aug 22 2022 02:03:07 GMT+0500 (Pakistan Standard Time)
GET /getshop Mon Aug 22 2022 02:03:07 GMT+0500 (Pakistan Standard Time)
GET /getshop Mon Aug 22 2022 02:03:36 GMT+0500 (Pakistan Standard Time)
GET /getshop Mon Aug 22 2022 02:03:36 GMT+0500 (Pakistan Standard Time)
GET /getshop Sat Aug 27 2022 01:57:49 GMT+0500 (Pakistan Standard Time)
GET /getshop Sat Aug 27 2022 01:57:49 GMT+0500 (Pakistan Standard Time)
GET /getshop Sat Aug 27 2022 01:57:55 GMT+0500 (Pakistan Standard Time)
GET /getshop Sat Aug 27 2022 01:57:55 GMT+0500 (Pakistan Standard Time)
GET /getshop Sat Aug 27 2022 01:57:57 GMT+0500 (Pakistan Standard Time)
GET /getshop Sat Aug 27 2022 01:57:57 GMT+0500 (Pakistan Standard Time)
GET /getshop Sat Aug 27 2022 01:58:39 GMT+0500 (Pakistan Standard Time)
GET /getshop Sat Aug 27 2022 02:02:32 GMT+0500 (Pakistan Standard Time)
GET /getshop Sat Aug 27 2022 02:02:32 GMT+0500 (Pakistan Standard Time)
GET /getshop Sat Aug 27 2022 02:04:31 GMT+0500 (Pakistan Standard Time)
GET /getshop Sat Aug 27 2022 02:04:31 GMT+0500 (Pakistan Standard Time)
GET /getshop Sat Aug 27 2022 02:21:25 GMT+0500 (Pakistan Standard Time)
GET /getshop Sat Aug 27 2022 02:21:42 GMT+0500 (Pakistan Standard Time)
GET /getshop Sat Aug 27 2022 02:21:42 GMT+0500 (Pakistan Standard Time)
GET /getshop Sat Aug 27 2022 02:22:12 GMT+0500 (Pakistan Standard Time)
GET /getshop Sat Aug 27 2022 02:22:12 GMT+0500 (Pakistan Standard Time)
GET /getshop Sat Aug 27 2022 02:22:16 GMT+0500 (Pakistan Standard Time)
GET /getshop Sat Aug 27 2022 02:22:16 GMT+0500 (Pakistan Standard Time)
GET /getshop Sat Aug 27 2022 02:23:43 GMT+0500 (Pakistan Standard Time)
GET /getshop Sat Aug 27 2022 02:23:47 GMT+0500 (Pakistan Standard Time)
GET /getshop Sat Aug 27 2022 02:23:47 GMT+0500 (Pakistan Standard Time)
GET /getshop Sat Aug 27 2022 02:24:01 GMT+0500 (Pakistan Standard Time)
GET /getshop Sat Aug 27 2022 02:24:29 GMT+0500 (Pakistan Standard Time)
GET /getshop Sat Aug 27 2022 02:25:23 GMT+0500 (Pakistan Standard Time)
GET /getshop Sat Aug 27 2022 02:25:26 GMT+0500 (Pakistan Standard Time)
GET /getshop Sat Aug 27 2022 02:25:26 GMT+0500 (Pakistan Standard Time)
GET /getshop Sat Aug 27 2022 02:25:44 GMT+0500 (Pakistan Standard Time)
GET /getshop Sat Aug 27 2022 02:26:40 GMT+0500 (Pakistan Standard Time)
GET /getshop Tue Aug 30 2022 17:36:46 GMT-0400 (Eastern Daylight Time)
GET /getshop Tue Aug 30 2022 17:36:46 GMT-0400 (Eastern Daylight Time)
GET /getshop Tue Aug 30 2022 17:39:36 GMT-0400 (Eastern Daylight Time)
GET /getshop Tue Aug 30 2022 17:39:36 GMT-0400 (Eastern Daylight Time)
GET /getshop Tue Aug 30 2022 17:41:41 GMT-0400 (Eastern Daylight Time)
GET /getshop Tue Aug 30 2022 17:41:41 GMT-0400 (Eastern Daylight Time)
GET /getshop Tue Aug 30 2022 17:43:00 GMT-0400 (Eastern Daylight Time)
GET /getshop Tue Aug 30 2022 17:43:00 GMT-0400 (Eastern Daylight Time)
GET /getshop Tue Aug 30 2022 17:45:12 GMT-0400 (Eastern Daylight Time)
GET /getshop Tue Aug 30 2022 17:45:12 GMT-0400 (Eastern Daylight Time)
GET /getshop Tue Aug 30 2022 17:47:37 GMT-0400 (Eastern Daylight Time)
GET /getshop Tue Aug 30 2022 17:47:37 GMT-0400 (Eastern Daylight Time)
GET /getshop Tue Aug 30 2022 17:48:45 GMT-0400 (Eastern Daylight Time)
GET /getshop Tue Aug 30 2022 17:48:45 GMT-0400 (Eastern Daylight Time)
GET /getshop Tue Aug 30 2022 17:48:48 GMT-0400 (Eastern Daylight Time)
GET /getshop Tue Aug 30 2022 17:48:48 GMT-0400 (Eastern Daylight Time)
GET /getshop Tue Aug 30 2022 17:49:18 GMT-0400 (Eastern Daylight Time)
GET /getshop Tue Aug 30 2022 17:49:19 GMT-0400 (Eastern Daylight Time)
GET /getshop Tue Aug 30 2022 17:49:19 GMT-0400 (Eastern Daylight Time)
GET /getshop Tue Aug 30 2022 17:49:19 GMT-0400 (Eastern Daylight Time)
GET /getshop Tue Aug 30 2022 17:50:37 GMT-0400 (Eastern Daylight Time)
GET /getshop Tue Aug 30 2022 17:50:37 GMT-0400 (Eastern Daylight Time)
GET /getshop Tue Aug 30 2022 17:51:39 GMT-0400 (Eastern Daylight Time)
GET /getshop Tue Aug 30 2022 17:51:39 GMT-0400 (Eastern Daylight Time)
GET /getshop Tue Aug 30 2022 17:53:21 GMT-0400 (Eastern Daylight Time)
GET /getshop Tue Aug 30 2022 17:53:21 GMT-0400 (Eastern Daylight Time)
GET /getshop Tue Aug 30 2022 17:53:38 GMT-0400 (Eastern Daylight Time)
GET /getshop Tue Aug 30 2022 17:53:38 GMT-0400 (Eastern Daylight Time)
GET /getshop Tue Aug 30 2022 17:54:42 GMT-0400 (Eastern Daylight Time)
GET /getshop Tue Aug 30 2022 17:54:42 GMT-0400 (Eastern Daylight Time)
GET /getshop Tue Aug 30 2022 17:55:01 GMT-0400 (Eastern Daylight Time)
GET /getshop Tue Aug 30 2022 17:55:01 GMT-0400 (Eastern Daylight Time)
